<?xml version="1.0" encoding="UTF-8"?>
<!-- Generated by org.testng.reporters.JUnitReportReporter -->
<testsuite name="foodcourt.suite.test.AutomationSuite" tests="1" time="83.805" ignored="0" failures="0" timestamp="06 Sep 2018 01:57:05 GMT" skipped="0" hostname="LAPTOP-A3HO86R2" errors="0">
  <testcase name="UserCreation" time="83.805" classname="foodcourt.suite.test.AutomationSuite"/>
</testsuite> <!-- foodcourt.suite.test.AutomationSuite -->
