<?xml version="1.0" encoding="UTF-8"?>
<!-- Generated by org.testng.reporters.JUnitReportReporter -->
<testsuite name="foodcourt.suite.test.AutomationSuite" tests="1" time="86.606" ignored="0" failures="0" timestamp="06 Sep 2018 02:33:29 GMT" skipped="0" hostname="LAPTOP-A3HO86R2" errors="0">
  <testcase name="UserCreation" time="86.606" classname="foodcourt.suite.test.AutomationSuite"/>
</testsuite> <!-- foodcourt.suite.test.AutomationSuite -->
